<?xml version="1.0" encoding="UTF-8"?>
<!-- Generated by org.testng.reporters.JUnitReportReporter -->
<testsuite skipped="0" hostname="IX8J8MHL3" name="RestAssuredApiTesting.PutApiRequest" tests="3" failures="0" timestamp="2022-06-02T13:39:01 IST" time="3.010" errors="0">
  <testcase name="TC3_PutRequest_NewRequest" time="0.995" classname="RestAssuredApiTesting.PutApiRequest"/>
  <system-out/>
  <testcase name="TC2_PutRequest_ModifiedRequest" time="1.049" classname="RestAssuredApiTesting.PutApiRequest"/>
  <system-out/>
  <testcase name="TC1_PutRequest_ExistingRequest" time="0.966" classname="RestAssuredApiTesting.PutApiRequest"/>
  <system-out/>
</testsuite> <!-- RestAssuredApiTesting.PutApiRequest -->
