<?xml version="1.0" encoding="UTF-8"?>
<!-- Generated by org.testng.reporters.JUnitReportReporter -->
<testsuite skipped="0" hostname="IX8J8MHL3" name="RestAssuredApiTesting.GetApiRequest" tests="1" failures="0" timestamp="2022-06-02T13:39:01 IST" time="1.590" errors="0">
  <testcase name="TC1_GetMethodRequests" time="1.590" classname="RestAssuredApiTesting.GetApiRequest"/>
  <system-out/>
</testsuite> <!-- RestAssuredApiTesting.GetApiRequest -->
