<?xml version="1.0" encoding="UTF-8"?>
<!-- Generated by org.testng.reporters.JUnitReportReporter -->
<testsuite skipped="0" hostname="IX8J8MHL3" name="RestAssuredApiTesting.PostApiRequest" tests="4" failures="0" timestamp="2022-06-02T13:39:01 IST" time="7.162" errors="0">
  <testcase name="TC2_PostMethod_EmptyEmail" time="1.649" classname="RestAssuredApiTesting.PostApiRequest"/>
  <system-out/>
  <testcase name="TC1_PostMethod_ValidCredentials" time="2.704" classname="RestAssuredApiTesting.PostApiRequest"/>
  <system-out/>
  <testcase name="TC3_PostMethod_EmptyPassword" time="1.117" classname="RestAssuredApiTesting.PostApiRequest"/>
  <system-out/>
  <testcase name="TC4_PostMethod_EmptyPayload" time="1.692" classname="RestAssuredApiTesting.PostApiRequest"/>
  <system-out/>
</testsuite> <!-- RestAssuredApiTesting.PostApiRequest -->
